<?xml version="1.0" encoding="UTF-8"?>
<!-- Generated by org.testng.reporters.JUnitXMLReporter -->
<testsuite hostname="Jitender" name="Command line test 52ec05ea-6046-45b5-b429-f9a408c63ebd" tests="4" failures="0" timestamp="13 Oct 2018 08:53:55 GMT" time="284.491" errors="0">
  <testcase name="test_case" time="29.28" classname="org.testing.testScripts.TC1"/>
  <testcase name="test_case" time="33.238" classname="org.testing.testScripts.TC2"/>
  <testcase name="test_case" time="57.982" classname="org.testing.testScripts.TC3"/>
  <testcase name="test_case" time="65.444" classname="org.testing.testScripts.TC4"/>
</testsuite> <!-- Command line test 52ec05ea-6046-45b5-b429-f9a408c63ebd -->
