<?xml version="1.0" encoding="UTF-8"?>
<testng-results skipped="0" failed="0" total="4" passed="4">
  <reporter-output>
  </reporter-output>
  <suite name="Suite1" duration-ms="284491" started-at="2018-10-13T08:49:11Z" finished-at="2018-10-13T08:53:55Z">
    <groups>
    </groups>
    <test name="Command line test 52ec05ea-6046-45b5-b429-f9a408c63ebd" duration-ms="284491" started-at="2018-10-13T08:49:11Z" finished-at="2018-10-13T08:53:55Z">
      <class name="org.testing.testScripts.TC1">
        <test-method status="PASS" signature="browser_launch()[pri:0, instance:org.testing.testScripts.TC1@38082d64]" name="browser_launch" is-config="true" duration-ms="15034" started-at="2018-10-13T14:19:11Z" finished-at="2018-10-13T14:19:26Z">
          <reporter-output>
          </reporter-output>
        </test-method> <!-- browser_launch -->
        <test-method status="PASS" signature="test_case()[pri:0, instance:org.testing.testScripts.TC1@38082d64]" name="test_case" duration-ms="29280" started-at="2018-10-13T14:19:26Z" finished-at="2018-10-13T14:19:55Z">
          <reporter-output>
          </reporter-output>
        </test-method> <!-- test_case -->
        <test-method status="PASS" signature="browser_close()[pri:0, instance:org.testing.testScripts.TC1@38082d64]" name="browser_close" is-config="true" duration-ms="232" started-at="2018-10-13T14:19:55Z" finished-at="2018-10-13T14:19:55Z">
          <reporter-output>
          </reporter-output>
        </test-method> <!-- browser_close -->
      </class> <!-- org.testing.testScripts.TC1 -->
      <class name="org.testing.testScripts.TC2">
        <test-method status="PASS" signature="browser_launch()[pri:0, instance:org.testing.testScripts.TC2@246ae04d]" name="browser_launch" is-config="true" duration-ms="15090" started-at="2018-10-13T14:19:55Z" finished-at="2018-10-13T14:20:10Z">
          <reporter-output>
          </reporter-output>
        </test-method> <!-- browser_launch -->
        <test-method status="PASS" signature="test_case()[pri:0, instance:org.testing.testScripts.TC2@246ae04d]" name="test_case" duration-ms="33238" started-at="2018-10-13T14:20:10Z" finished-at="2018-10-13T14:20:44Z">
          <reporter-output>
          </reporter-output>
        </test-method> <!-- test_case -->
        <test-method status="PASS" signature="browser_close()[pri:0, instance:org.testing.testScripts.TC2@246ae04d]" name="browser_close" is-config="true" duration-ms="2375" started-at="2018-10-13T14:20:44Z" finished-at="2018-10-13T14:20:46Z">
          <reporter-output>
          </reporter-output>
        </test-method> <!-- browser_close -->
      </class> <!-- org.testing.testScripts.TC2 -->
      <class name="org.testing.testScripts.TC3">
        <test-method status="PASS" signature="browser_launch()[pri:0, instance:org.testing.testScripts.TC3@62043840]" name="browser_launch" is-config="true" duration-ms="12844" started-at="2018-10-13T14:20:46Z" finished-at="2018-10-13T14:20:59Z">
          <reporter-output>
          </reporter-output>
        </test-method> <!-- browser_launch -->
        <test-method status="PASS" signature="test_case()[pri:0, instance:org.testing.testScripts.TC3@62043840]" name="test_case" duration-ms="57982" started-at="2018-10-13T14:20:59Z" finished-at="2018-10-13T14:21:57Z">
          <reporter-output>
          </reporter-output>
        </test-method> <!-- test_case -->
        <test-method status="PASS" signature="browser_close()[pri:0, instance:org.testing.testScripts.TC3@62043840]" name="browser_close" is-config="true" duration-ms="266" started-at="2018-10-13T14:21:57Z" finished-at="2018-10-13T14:21:57Z">
          <reporter-output>
          </reporter-output>
        </test-method> <!-- browser_close -->
      </class> <!-- org.testing.testScripts.TC3 -->
      <class name="org.testing.testScripts.TC4">
        <test-method status="PASS" signature="browser_launch()[pri:0, instance:org.testing.testScripts.TC4@5315b42e]" name="browser_launch" is-config="true" duration-ms="50282" started-at="2018-10-13T14:21:57Z" finished-at="2018-10-13T14:22:47Z">
          <reporter-output>
          </reporter-output>
        </test-method> <!-- browser_launch -->
        <test-method status="PASS" signature="test_case()[pri:0, instance:org.testing.testScripts.TC4@5315b42e]" name="test_case" duration-ms="65444" started-at="2018-10-13T14:22:47Z" finished-at="2018-10-13T14:23:53Z">
          <reporter-output>
          </reporter-output>
        </test-method> <!-- test_case -->
        <test-method status="PASS" signature="browser_close()[pri:0, instance:org.testing.testScripts.TC4@5315b42e]" name="browser_close" is-config="true" duration-ms="2389" started-at="2018-10-13T14:23:53Z" finished-at="2018-10-13T14:23:55Z">
          <reporter-output>
          </reporter-output>
        </test-method> <!-- browser_close -->
      </class> <!-- org.testing.testScripts.TC4 -->
    </test> <!-- Command line test 52ec05ea-6046-45b5-b429-f9a408c63ebd -->
  </suite> <!-- Suite1 -->
</testng-results>
